<?xml version="1.0" encoding="UTF-8"?>
<!-- Generated by org.testng.reporters.JUnitReportReporter -->
<testsuite skipped="0" hostname="DESKTOP-F023JSH" name="com.LSAssignment.testCases.TC004_PinCodeValidation" tests="1" failures="0" timestamp="2020-09-26T11:07:44 IST" time="41.500" errors="0">
  <testcase name="validatePinCode" time="41.500" classname="com.LSAssignment.testCases.TC004_PinCodeValidation"/>
</testsuite> <!-- com.LSAssignment.testCases.TC004_PinCodeValidation -->
