<?xml version="1.0" encoding="UTF-8"?>
<!-- Generated by org.testng.reporters.JUnitReportReporter -->
<testsuite skipped="0" hostname="DESKTOP-F023JSH" name="com.LSAssignment.testCases.TC001_ValidateLinks" tests="1" failures="0" timestamp="2020-09-26T11:07:43 IST" time="34.496" errors="0">
  <testcase name="validateLinks" time="34.496" classname="com.LSAssignment.testCases.TC001_ValidateLinks"/>
</testsuite> <!-- com.LSAssignment.testCases.TC001_ValidateLinks -->
