<?xml version="1.0" encoding="UTF-8"?>
<!-- Generated by org.testng.reporters.JUnitReportReporter -->
<testsuite skipped="0" hostname="DESKTOP-F023JSH" name="com.LSAssignment.testCases.TC001_LoginTest" tests="1" failures="0" timestamp="2020-09-24T23:08:25 IST" time="41.028" errors="0">
  <testcase name="login" time="41.028" classname="com.LSAssignment.testCases.TC001_LoginTest"/>
</testsuite> <!-- com.LSAssignment.testCases.TC001_LoginTest -->
