<?xml version="1.0" encoding="UTF-8"?>
<!-- Generated by org.testng.reporters.JUnitReportReporter -->
<testsuite skipped="0" hostname="DESKTOP-F023JSH" name="com.LSAssignment.testCases.TC003_ValidateLogin" tests="1" failures="0" timestamp="2020-09-26T11:07:43 IST" time="103.670" errors="0">
  <testcase name="validateLogin" time="103.670" classname="com.LSAssignment.testCases.TC003_ValidateLogin"/>
</testsuite> <!-- com.LSAssignment.testCases.TC003_ValidateLogin -->
